C:\Users\saura\OneDrive\Desktop\hostel-managment-portal\node_modules\@prisma\client\src\runtime\getPrismaClient.ts:259
        throw new PrismaClientInitializationError(
              ^
PrismaClientInitializationError: `PrismaClient` needs to be constructed with a non-empty, valid `PrismaClientOptions`:

```
new PrismaClient({
  ...
})
```

or

```
constructor() {
  super({ ... });
}
```
          
    at new t (C:\Users\saura\OneDrive\Desktop\hostel-managment-portal\node_modules\@prisma\client\src\runtime\getPrismaClient.ts:259:15)
    at file:///C:/Users/saura/OneDrive/Desktop/hostel-managment-portal/scripts/test-db.ts:7:10
    at ModuleJob.run (node:internal/modules/esm/module_job:345:25)
    at async onImport.tracePromise.__proto__ (node:internal/modules/esm/loader:651:26)
    at async asyncRunEntryPointWithESMLoader (node:internal/modules/run_main:117:5) {
  clientVersion: '7.2.0',
  errorCode: undefined,
  retryable: undefined
}
